# JRE version: Java(TM) SE Runtime Environment (8.0_221-b11) (build 1.8.0_221-b11)
# Java VM: Java HotSpot(TM) 64-Bit Server VM (25.221-b11 mixed mode windows-amd64 compressed oops)
Heap:
 PSYoungGen      total 153088K, used 152660K [0x00000000f5580000, 0x0000000100000000, 0x0000000100000000)
  eden space 135168K, 100% used [0x00000000f5580000,0x00000000fd980000,0x00000000fd980000)
  from space 17920K, 97% used [0x00000000fd980000,0x00000000fea95080,0x00000000feb00000)
  to   space 20992K, 27% used [0x00000000feb80000,0x00000000ff11a450,0x0000000100000000)
 ParOldGen       total 349696K, used 280898K [0x00000000e0000000, 0x00000000f5580000, 0x00000000f5580000)
  object space 349696K, 80% used [0x00000000e0000000,0x00000000f1250b88,0x00000000f5580000)
 Metaspace       used 63380K, capacity 67150K, committed 71640K, reserved 1112064K
  class space    used 8140K, capacity 8877K, committed 9472K, reserved 1048576K
GC Heap History (10 events):
Event: 11333.859 GC heap after
Heap after GC invocations=135 (full 6):
 PSYoungGen      total 140288K, used 9459K [0x00000000f5580000, 0x00000000ffd00000, 0x0000000100000000)
  eden space 130560K, 0% used [0x00000000f5580000,0x00000000f5580000,0x00000000fd500000)
  from space 9728K, 97% used [0x00000000fd500000,0x00000000fde3ced8,0x00000000fde80000)
  to   space 20480K, 0% used [0x00000000fe900000,0x00000000fe900000,0x00000000ffd00000)
 ParOldGen       total 349696K, used 250381K [0x00000000e0000000, 0x00000000f5580000, 0x00000000f5580000)
  object space 349696K, 71% used [0x00000000e0000000,0x00000000ef483568,0x00000000f5580000)
 Metaspace       used 62242K, capacity 65916K, committed 71640K, reserved 1112064K
  class space    used 7995K, capacity 8701K, committed 9472K, reserved 1048576K
}
Event: 12311.726 GC heap before
{Heap before GC invocations=136 (full 6):
 PSYoungGen      total 140288K, used 140019K [0x00000000f5580000, 0x00000000ffd00000, 0x0000000100000000)
  eden space 130560K, 100% used [0x00000000f5580000,0x00000000fd500000,0x00000000fd500000)
  from space 9728K, 97% used [0x00000000fd500000,0x00000000fde3ced8,0x00000000fde80000)
  to   space 20480K, 0% used [0x00000000fe900000,0x00000000fe900000,0x00000000ffd00000)
 ParOldGen       total 349696K, used 250381K [0x00000000e0000000, 0x00000000f5580000, 0x00000000f5580000)
  object space 349696K, 71% used [0x00000000e0000000,0x00000000ef483568,0x00000000f5580000)
 Metaspace       used 62261K, capacity 65922K, committed 71640K, reserved 1112064K
  class space    used 7995K, capacity 8702K, committed 9472K, reserved 1048576K
Event: 12311.946 GC heap after
Heap after GC invocations=136 (full 6):
 PSYoungGen      total 152064K, used 9321K [0x00000000f5580000, 0x0000000100000000, 0x0000000100000000)
  eden space 131584K, 0% used [0x00000000f5580000,0x00000000f5580000,0x00000000fd600000)
  from space 20480K, 45% used [0x00000000fe900000,0x00000000ff21a450,0x00000000ffd00000)
  to   space 19456K, 0% used [0x00000000fd600000,0x00000000fd600000,0x00000000fe900000)
 ParOldGen       total 349696K, used 259653K [0x00000000e0000000, 0x00000000f5580000, 0x00000000f5580000)
  object space 349696K, 74% used [0x00000000e0000000,0x00000000efd91720,0x00000000f5580000)
 Metaspace       used 62261K, capacity 65922K, committed 71640K, reserved 1112064K
  class space    used 7995K, capacity 8702K, committed 9472K, reserved 1048576K
}
Event: 12379.076 GC heap before
{Heap before GC invocations=137 (full 6):
 PSYoungGen      total 152064K, used 140905K [0x00000000f5580000, 0x0000000100000000, 0x0000000100000000)
  eden space 131584K, 100% used [0x00000000f5580000,0x00000000fd600000,0x00000000fd600000)
  from space 20480K, 45% used [0x00000000fe900000,0x00000000ff21a450,0x00000000ffd00000)
  to   space 19456K, 0% used [0x00000000fd600000,0x00000000fd600000,0x00000000fe900000)
 ParOldGen       total 349696K, used 259653K [0x00000000e0000000, 0x00000000f5580000, 0x00000000f5580000)
  object space 349696K, 74% used [0x00000000e0000000,0x00000000efd91720,0x00000000f5580000)
 Metaspace       used 62289K, capacity 65986K, committed 71640K, reserved 1112064K
  class space    used 7996K, capacity 8702K, committed 9472K, reserved 1048576K
Event: 12379.081 GC heap after
Heap after GC invocations=137 (full 6):
 PSYoungGen      total 151040K, used 3136K [0x00000000f5580000, 0x0000000100000000, 0x0000000100000000)
  eden space 131584K, 0% used [0x00000000f5580000,0x00000000f5580000,0x00000000fd600000)
  from space 19456K, 16% used [0x00000000fd600000,0x00000000fd910000,0x00000000fe900000)
  to   space 19968K, 0% used [0x00000000fec80000,0x00000000fec80000,0x0000000100000000)
 ParOldGen       total 349696K, used 259842K [0x00000000e0000000, 0x00000000f5580000, 0x00000000f5580000)
  object space 349696K, 74% used [0x00000000e0000000,0x00000000efdc0b60,0x00000000f5580000)
 Metaspace       used 62289K, capacity 65986K, committed 71640K, reserved 1112064K
  class space    used 7996K, capacity 8702K, committed 9472K, reserved 1048576K
}
Event: 12379.423 GC heap before
{Heap before GC invocations=138 (full 6):
 PSYoungGen      total 151040K, used 134720K [0x00000000f5580000, 0x0000000100000000, 0x0000000100000000)
  eden space 131584K, 100% used [0x00000000f5580000,0x00000000fd600000,0x00000000fd600000)
  from space 19456K, 16% used [0x00000000fd600000,0x00000000fd910000,0x00000000fe900000)
  to   space 19968K, 0% used [0x00000000fec80000,0x00000000fec80000,0x0000000100000000)
 ParOldGen       total 349696K, used 259842K [0x00000000e0000000, 0x00000000f5580000, 0x00000000f5580000)
  object space 349696K, 74% used [0x00000000e0000000,0x00000000efdc0b60,0x00000000f5580000)
 Metaspace       used 62289K, capacity 65986K, committed 71640K, reserved 1112064K
  class space    used 7996K, capacity 8702K, committed 9472K, reserved 1048576K
Event: 12379.448 GC heap after
Heap after GC invocations=138 (full 6):
 PSYoungGen      total 153600K, used 7968K [0x00000000f5580000, 0x00000000ffe80000, 0x0000000100000000)
  eden space 135168K, 0% used [0x00000000f5580000,0x00000000f5580000,0x00000000fd980000)
  from space 18432K, 43% used [0x00000000fec80000,0x00000000ff448000,0x00000000ffe80000)
  to   space 18944K, 0% used [0x00000000fd980000,0x00000000fd980000,0x00000000fec00000)
 ParOldGen       total 349696K, used 262268K [0x00000000e0000000, 0x00000000f5580000, 0x00000000f5580000)
  object space 349696K, 74% used [0x00000000e0000000,0x00000000f001f388,0x00000000f5580000)
 Metaspace       used 62289K, capacity 65986K, committed 71640K, reserved 1112064K
  class space    used 7996K, capacity 8702K, committed 9472K, reserved 1048576K
}
Event: 12381.030 GC heap before
{Heap before GC invocations=139 (full 6):
 PSYoungGen      total 153600K, used 143136K [0x00000000f5580000, 0x00000000ffe80000, 0x0000000100000000)
  eden space 135168K, 100% used [0x00000000f5580000,0x00000000fd980000,0x00000000fd980000)
  from space 18432K, 43% used [0x00000000fec80000,0x00000000ff448000,0x00000000ffe80000)
  to   space 18944K, 0% used [0x00000000fd980000,0x00000000fd980000,0x00000000fec00000)
 ParOldGen       total 349696K, used 262268K [0x00000000e0000000, 0x00000000f5580000, 0x00000000f5580000)
  object space 349696K, 74% used [0x00000000e0000000,0x00000000f001f388,0x00000000f5580000)
 Metaspace       used 62567K, capacity 66312K, committed 71640K, reserved 1112064K
  class space    used 8039K, capacity 8748K, committed 9472K, reserved 1048576K
Event: 12381.067 GC heap after
Heap after GC invocations=139 (full 6):
 PSYoungGen      total 153088K, used 17492K [0x00000000f5580000, 0x0000000100000000, 0x0000000100000000)
  eden space 135168K, 0% used [0x00000000f5580000,0x00000000f5580000,0x00000000fd980000)
  from space 17920K, 97% used [0x00000000fd980000,0x00000000fea95080,0x00000000feb00000)
  to   space 20992K, 0% used [0x00000000feb80000,0x00000000feb80000,0x0000000100000000)
 ParOldGen       total 349696K, used 267349K [0x00000000e0000000, 0x00000000f5580000, 0x00000000f5580000)
  object space 349696K, 76% used [0x00000000e0000000,0x00000000f0515730,0x00000000f5580000)
 Metaspace       used 62567K, capacity 66312K, committed 71640K, reserved 1112064K
  class space    used 8039K, capacity 8748K, committed 9472K, reserved 1048576K
}
Event: 16164.549 GC heap before
{Heap before GC invocations=140 (full 6):
 PSYoungGen      total 153088K, used 152660K [0x00000000f5580000, 0x0000000100000000, 0x0000000100000000)
  eden space 135168K, 100% used [0x00000000f5580000,0x00000000fd980000,0x00000000fd980000)
  from space 17920K, 97% used [0x00000000fd980000,0x00000000fea95080,0x00000000feb00000)
  to   space 20992K, 0% used [0x00000000feb80000,0x00000000feb80000,0x0000000100000000)
 ParOldGen       total 349696K, used 267349K [0x00000000e0000000, 0x00000000f5580000, 0x00000000f5580000)
  object space 349696K, 76% used [0x00000000e0000000,0x00000000f0515730,0x00000000f5580000)
 Metaspace       used 63380K, capacity 67150K, committed 71640K, reserved 1112064K
  class space    used 8140K, capacity 8877K, committed 9472K, reserved 1048576K

